Arguments: 
  /home/daniela/.nvm/versions/node/v8.9.4/bin/node /home/daniela/.nvm/versions/node/v8.9.4/bin/yarn start

PATH: 
  /home/daniela/.nvm/versions/node/v8.9.4/bin:/usr/local/sbin:/usr/local/bin:/usr/sbin:/usr/bin:/sbin:/bin:/usr/games:/usr/local/games:/snap/bin

Yarn version: 
  1.5.1

Node version: 
  8.9.4

Platform: 
  linux x64

npm manifest: 
  {
    "name": "react-increase",
    "version": "1.0.0",
    "private": true,
    "scripts": {
      "start": "react-scripts start",
      "build": "react-scripts build",
      "eject": "react-scripts eject"
    },
    "dependencies": {
      "react": "^16.3.1",
      "react-dom": "^16.3.1",
      "react-router-dom": "^4.2.2",
      "react-scripts": "^1.1.4"
    }
  }

yarn manifest: 
  No manifest

Lockfile: 
  No lockfile

Trace: 
  Error: Command failed.
  Exit code: 127
  Command: sh
  Arguments: -c react-scripts start
  Directory: /home/daniela/redux
  Output:
  
      at ProcessTermError.MessageError (/home/daniela/.nvm/versions/node/v8.9.4/lib/node_modules/yarn/lib/cli.js:186:110)
      at new ProcessTermError (/home/daniela/.nvm/versions/node/v8.9.4/lib/node_modules/yarn/lib/cli.js:226:113)
      at ChildProcess.<anonymous> (/home/daniela/.nvm/versions/node/v8.9.4/lib/node_modules/yarn/lib/cli.js:30281:17)
      at emitTwo (events.js:126:13)
      at ChildProcess.emit (events.js:214:7)
      at maybeClose (internal/child_process.js:925:16)
      at Process.ChildProcess._handle.onexit (internal/child_process.js:209:5)
